f:\_4 year\3d\pepsi\shared\debug\vc120.pdb
f:\_4 year\3d\pepsi\shared\debug\vc120.idb
f:\_4 year\3d\pepsi\shared\debug\d3dhelpers.obj
f:\_4 year\3d\pepsi\shared\debug\commonmesh.obj
f:\_4 year\3d\pepsi\shared\debug\commonfont.obj
f:\_4 year\3d\pepsi\shared\debug\commonapp.obj
f:\_4 year\3d\pepsi\shared\debug\app.obj
f:\_4 year\3d\pepsi\hierarchy\debug\shared.lib
x:\programming\real time 3d\working hier\working hier\shared\debug\app.obj
x:\programming\real time 3d\working hier\working hier\shared\debug\commonapp.obj
x:\programming\real time 3d\working hier\working hier\shared\debug\commonfont.obj
x:\programming\real time 3d\working hier\working hier\shared\debug\commonmesh.obj
x:\programming\real time 3d\working hier\working hier\shared\debug\d3dhelpers.obj
x:\programming\real time 3d\working hier\working hier\shared\debug\vc120.idb
x:\programming\real time 3d\working hier\working hier\shared\debug\vc120.pdb
x:\programming\real time 3d\working hier\working hier\hierarchy\debug\shared.lib
x:\programming\real time 3d\working hier\working hier\shared\debug\shared.tlog\cl.command.1.tlog
x:\programming\real time 3d\working hier\working hier\shared\debug\shared.tlog\cl.read.1.tlog
x:\programming\real time 3d\working hier\working hier\shared\debug\shared.tlog\cl.write.1.tlog
x:\programming\real time 3d\working hier\working hier\shared\debug\shared.tlog\lib-link.read.1.tlog
x:\programming\real time 3d\working hier\working hier\shared\debug\shared.tlog\lib-link.write.1.tlog
x:\programming\real time 3d\working hier\working hier\shared\debug\shared.tlog\lib.command.1.tlog
